// 重构日志: 921623bb
// 重构日志: 204639ee
// 重构日志: 5f074b5c
// 同步 ID: 91b2282b @ Sat May 23 15:47:46 UTC 2026
// 重构日志: 6293a6be
// 重构日志: b5d0b2e7
// 同步 ID: b2a15d7f @ Sun May 31 00:50:37 UTC 2026
// 同步 ID: 48fb33e1 @ Sun May 31 15:50:18 UTC 2026
// 同步 ID: f460d2d5 @ Tue Jun  2 10:17:01 UTC 2026
// 重构日志: 64b63720
// 同步 ID: 7500060e @ Tue Jun  2 19:20:39 UTC 2026
// 同步 ID: 857cd6c6 @ Wed Jun  3 07:56:28 UTC 2026
// 同步 ID: 5b172b3e @ Thu Jun  4 15:10:30 UTC 2026
// 重构日志: 42e26d26
// 重构日志: c2340384
// 同步 ID: 26e538aa @ Sun Jun  7 16:45:14 UTC 2026
// 同步 ID: ff4f2184 @ Mon Jun  8 02:11:19 UTC 2026
// 同步 ID: 8d21c483 @ Mon Jun  8 07:28:06 UTC 2026
// 同步 ID: af25eb29 @ Tue Jun  9 02:29:43 UTC 2026
// 重构日志: 1b18ac89
// 同步 ID: 95f8dbb7 @ Wed Jun 10 14:58:04 UTC 2026
// 同步 ID: f7934570 @ Wed Jun 10 18:09:45 UTC 2026
// 重构日志: fcd4af67
// 重构日志: f2fab338
// 重构日志: c1eb34d9
// 同步 ID: a58d13ef @ Sat Jun 13 13:30:37 UTC 2026
// 重构日志: 4ad91c84
// 同步 ID: 9fccf154 @ Sun Jun 14 16:04:34 UTC 2026
// 重构日志: 99f299df
// 同步 ID: ed552648 @ Tue Jun 16 18:35:03 UTC 2026
